{
  "RSpec": {
    "coverage": {
      "/Users/danieldenhartog/Documents/Bank-tech-test/spec/account_spec.rb": [
        null,
        null,
        1,
        1,
        null,
        1,
        10,
        null,
        2,
        2,
        2,
        2,
        null,
        1,
        1,
        null,
        null,
        1,
        1,
        null,
        null,
        1,
        1,
        2,
        null,
        null,
        1,
        1,
        1,
        null,
        null,
        1,
        1,
        1,
        null,
        null,
        null,
        1,
        1,
        4,
        null,
        null,
        1,
        2,
        null,
        null,
        1,
        2,
        null,
        null,
        1,
        1,
        1,
        null,
        null,
        1,
        1,
        1,
        null,
        null,
        null
      ],
      "/Users/danieldenhartog/Documents/Bank-tech-test/lib/account.rb": [
        null,
        null,
        1,
        1,
        1,
        null,
        null,
        1,
        18,
        18,
        null,
        null,
        1,
        9,
        8,
        8,
        null,
        null,
        1,
        4,
        3,
        2,
        2,
        null,
        null
      ],
      "/Users/danieldenhartog/Documents/Bank-tech-test/spec/statement_spec.rb": [
        null,
        null,
        1,
        1,
        null,
        1,
        4,
        4,
        null,
        2,
        2,
        null,
        1,
        2,
        null,
        null,
        1,
        1,
        1,
        null,
        null,
        1,
        1,
        2,
        null,
        null,
        null,
        null
      ],
      "/Users/danieldenhartog/Documents/Bank-tech-test/lib/statement.rb": [
        null,
        null,
        1,
        null,
        1,
        1,
        null,
        null,
        1,
        5,
        null,
        null,
        1,
        2,
        1,
        1,
        1,
        null,
        null,
        null
      ]
    },
    "timestamp": 1536650620
  }
}
