{
  "RSpec": {
    "coverage": {
      "/Users/danieldenhartog/Documents/Bank-tech-test/spec/transaction_spec.rb": [
        1,
        null,
        1,
        null,
        4,
        null,
        2,
        2,
        null,
        1,
        1,
        null,
        null,
        1,
        1,
        1,
        1,
        null,
        null,
        null,
        1,
        1,
        1,
        1,
        1,
        null,
        null,
        null,
        null
      ],
      "/Users/danieldenhartog/Documents/Bank-tech-test/lib/transaction.rb": [
        1,
        null,
        1,
        null,
        1,
        5,
        null,
        null,
        1,
        2,
        2,
        null,
        null,
        1,
        1,
        1,
        null,
        null,
        null
      ]
    },
    "timestamp": 1536576750
  }
}
